This is pdfTeX, Version 3.14159265-2.6-1.40.19 (MiKTeX 2.9.6730) (preloaded format=pdflatex 2018.8.18)  3 NOV 2018 13:02
entering extended mode
**./Lift_system.tex
(Lift_system.tex
LaTeX2e <2018-04-01> patch level 5

("/Users/jakemantiv/Library/Application Support/MiKTeX/texmfs/install/tex/latex
/base/article.cls"
Document Class: article 2014/09/29 v1.4h Standard LaTeX document class

("/Users/jakemantiv/Library/Application Support/MiKTeX/texmfs/install/tex/latex
/base/size10.clo"
File: size10.clo 2014/09/29 v1.4h Standard LaTeX file (size option)
)
\c@part=\count80
\c@section=\count81
\c@subsection=\count82
\c@subsubsection=\count83
\c@paragraph=\count84
\c@subparagraph=\count85
\c@figure=\count86
\c@table=\count87
\abovecaptionskip=\skip41
\belowcaptionskip=\skip42
\bibindent=\dimen102
)
("/Users/jakemantiv/Library/Application Support/MiKTeX/texmfs/install/tex/latex
/base/inputenc.sty"
Package: inputenc 2018/04/06 v1.3b Input encoding file
\inpenc@prehook=\toks14
\inpenc@posthook=\toks15

("/Users/jakemantiv/Library/Application Support/MiKTeX/texmfs/install/tex/latex
/base/latin1.def"
File: latin1.def 2018/04/06 v1.3b Input encoding file
))
("/Users/jakemantiv/Library/Application Support/MiKTeX/texmfs/install/tex/latex
/geometry/geometry.sty"
Package: geometry 2018/04/16 v5.8 Page Geometry

("/Users/jakemantiv/Library/Application Support/MiKTeX/texmfs/install/tex/latex
/graphics/keyval.sty"
Package: keyval 2014/10/28 v1.15 key=value parser (DPC)
\KV@toks@=\toks16
)
("/Users/jakemantiv/Library/Application Support/MiKTeX/texmfs/install/tex/gener
ic/oberdiek/ifpdf.sty"
Package: ifpdf 2017/03/15 v3.2 Provides the ifpdf switch
)
("/Users/jakemantiv/Library/Application Support/MiKTeX/texmfs/install/tex/gener
ic/oberdiek/ifvtex.sty"
Package: ifvtex 2016/05/16 v1.6 Detect VTeX and its facilities (HO)
Package ifvtex Info: VTeX not detected.
)
("/Users/jakemantiv/Library/Application Support/MiKTeX/texmfs/install/tex/gener
ic/ifxetex/ifxetex.sty"
Package: ifxetex 2010/09/12 v0.6 Provides ifxetex conditional
)
\Gm@cnth=\count88
\Gm@cntv=\count89
\c@Gm@tempcnt=\count90
\Gm@bindingoffset=\dimen103
\Gm@wd@mp=\dimen104
\Gm@odd@mp=\dimen105
\Gm@even@mp=\dimen106
\Gm@layoutwidth=\dimen107
\Gm@layoutheight=\dimen108
\Gm@layouthoffset=\dimen109
\Gm@layoutvoffset=\dimen110
\Gm@dimlist=\toks17

("/Users/jakemantiv/Library/Application Support/MiKTeX/texmfs/install/tex/latex
/geometry/geometry.cfg"))
("/Users/jakemantiv/Library/Application Support/MiKTeX/texmfs/install/tex/latex
/amsmath/amsmath.sty"
Package: amsmath 2017/09/02 v2.17a AMS math features
\@mathmargin=\skip43

For additional information on amsmath, use the `?' option.

("/Users/jakemantiv/Library/Application Support/MiKTeX/texmfs/install/tex/latex
/amsmath/amstext.sty"
Package: amstext 2000/06/29 v2.01 AMS text

("/Users/jakemantiv/Library/Application Support/MiKTeX/texmfs/install/tex/latex
/amsmath/amsgen.sty"
File: amsgen.sty 1999/11/30 v2.0 generic functions
\@emptytoks=\toks18
\ex@=\dimen111
))
("/Users/jakemantiv/Library/Application Support/MiKTeX/texmfs/install/tex/latex
/amsmath/amsbsy.sty"
Package: amsbsy 1999/11/29 v1.2d Bold Symbols
\pmbraise@=\dimen112
)
("/Users/jakemantiv/Library/Application Support/MiKTeX/texmfs/install/tex/latex
/amsmath/amsopn.sty"
Package: amsopn 2016/03/08 v2.02 operator names
)
\inf@bad=\count91
LaTeX Info: Redefining \frac on input line 213.
\uproot@=\count92
\leftroot@=\count93
LaTeX Info: Redefining \overline on input line 375.
\classnum@=\count94
\DOTSCASE@=\count95
LaTeX Info: Redefining \ldots on input line 472.
LaTeX Info: Redefining \dots on input line 475.
LaTeX Info: Redefining \cdots on input line 596.
\Mathstrutbox@=\box26
\strutbox@=\box27
\big@size=\dimen113
LaTeX Font Info:    Redeclaring font encoding OML on input line 712.
LaTeX Font Info:    Redeclaring font encoding OMS on input line 713.
\macc@depth=\count96
\c@MaxMatrixCols=\count97
\dotsspace@=\muskip10
\c@parentequation=\count98
\dspbrk@lvl=\count99
\tag@help=\toks19
\row@=\count100
\column@=\count101
\maxfields@=\count102
\andhelp@=\toks20
\eqnshift@=\dimen114
\alignsep@=\dimen115
\tagshift@=\dimen116
\tagwidth@=\dimen117
\totwidth@=\dimen118
\lineht@=\dimen119
\@envbody=\toks21
\multlinegap=\skip44
\multlinetaggap=\skip45
\mathdisplay@stack=\toks22
LaTeX Info: Redefining \[ on input line 2817.
LaTeX Info: Redefining \] on input line 2818.
)
("/Users/jakemantiv/Library/Application Support/MiKTeX/texmfs/install/tex/latex
/amsfonts/amsfonts.sty"
Package: amsfonts 2013/01/14 v3.01 Basic AMSFonts support
\symAMSa=\mathgroup4
\symAMSb=\mathgroup5
LaTeX Font Info:    Overwriting math alphabet `\mathfrak' in version `bold'
(Font)                  U/euf/m/n --> U/euf/b/n on input line 106.
)
("/Users/jakemantiv/Library/Application Support/MiKTeX/texmfs/install/tex/latex
/amsfonts/amssymb.sty"
Package: amssymb 2013/01/14 v3.01 AMS font symbols
)
("/Users/jakemantiv/Library/Application Support/MiKTeX/texmfs/install/tex/latex
/graphics/graphicx.sty"
Package: graphicx 2017/06/01 v1.1a Enhanced LaTeX Graphics (DPC,SPQR)

("/Users/jakemantiv/Library/Application Support/MiKTeX/texmfs/install/tex/latex
/graphics/graphics.sty"
Package: graphics 2017/06/25 v1.2c Standard LaTeX Graphics (DPC,SPQR)

("/Users/jakemantiv/Library/Application Support/MiKTeX/texmfs/install/tex/latex
/graphics/trig.sty"
Package: trig 2016/01/03 v1.10 sin cos tan (DPC)
)
("/Users/jakemantiv/Library/Application Support/MiKTeX/texmfs/install/tex/latex
/graphics-cfg/graphics.cfg"
File: graphics.cfg 2016/06/04 v1.11 sample graphics configuration
)
Package graphics Info: Driver file: pdftex.def on input line 99.

("/Users/jakemantiv/Library/Application Support/MiKTeX/texmfs/install/tex/latex
/graphics-def/pdftex.def"
File: pdftex.def 2018/01/08 v1.0l Graphics/color driver for pdftex
))
\Gin@req@height=\dimen120
\Gin@req@width=\dimen121
) (Lift_system.aux

LaTeX Warning: Label `fig:angle_10' multiply defined.

)
\openout1 = `Lift_system.aux'.

LaTeX Font Info:    Checking defaults for OML/cmm/m/it on input line 8.
LaTeX Font Info:    ... okay on input line 8.
LaTeX Font Info:    Checking defaults for T1/cmr/m/n on input line 8.
LaTeX Font Info:    ... okay on input line 8.
LaTeX Font Info:    Checking defaults for OT1/cmr/m/n on input line 8.
LaTeX Font Info:    ... okay on input line 8.
LaTeX Font Info:    Checking defaults for OMS/cmsy/m/n on input line 8.
LaTeX Font Info:    ... okay on input line 8.
LaTeX Font Info:    Checking defaults for OMX/cmex/m/n on input line 8.
LaTeX Font Info:    ... okay on input line 8.
LaTeX Font Info:    Checking defaults for U/cmr/m/n on input line 8.
LaTeX Font Info:    ... okay on input line 8.

*geometry* driver: auto-detecting
*geometry* detected driver: pdftex
*geometry* verbose mode - [ preamble ] result:
* driver: pdftex
* paper: a4paper
* layout: <same size as paper>
* layoutoffset:(h,v)=(0.0pt,0.0pt)
* modes: 
* h-part:(L,W,R)=(72.26999pt, 452.9679pt, 72.26999pt)
* v-part:(T,H,B)=(72.26999pt, 700.50687pt, 72.26999pt)
* \paperwidth=597.50787pt
* \paperheight=845.04684pt
* \textwidth=452.9679pt
* \textheight=700.50687pt
* \oddsidemargin=0.0pt
* \evensidemargin=0.0pt
* \topmargin=-37.0pt
* \headheight=12.0pt
* \headsep=25.0pt
* \topskip=10.0pt
* \footskip=30.0pt
* \marginparwidth=57.0pt
* \marginparsep=11.0pt
* \columnsep=10.0pt
* \skip\footins=9.0pt plus 4.0pt minus 2.0pt
* \hoffset=0.0pt
* \voffset=0.0pt
* \mag=1000
* \@twocolumnfalse
* \@twosidefalse
* \@mparswitchfalse
* \@reversemarginfalse
* (1in=72.27pt=25.4mm, 1cm=28.453pt)


("/Users/jakemantiv/Library/Application Support/MiKTeX/texmfs/install/tex/conte
xt/base/supp-pdf.mkii"
[Loading MPS to PDF converter (version 2006.09.02).]
\scratchcounter=\count103
\scratchdimen=\dimen122
\scratchbox=\box28
\nofMPsegments=\count104
\nofMParguments=\count105
\everyMPshowfont=\toks23
\MPscratchCnt=\count106
\MPscratchDim=\dimen123
\MPnumerator=\count107
\makeMPintoPDFobject=\count108
\everyMPtoPDFconversion=\toks24
)
("/Users/jakemantiv/Library/Application Support/MiKTeX/texmfs/install/tex/latex
/oberdiek/epstopdf-base.sty"
Package: epstopdf-base 2016/05/15 v2.6 Base part for package epstopdf

("/Users/jakemantiv/Library/Application Support/MiKTeX/texmfs/install/tex/gener
ic/oberdiek/infwarerr.sty"
Package: infwarerr 2016/05/16 v1.4 Providing info/warning/error messages (HO)
)
("/Users/jakemantiv/Library/Application Support/MiKTeX/texmfs/install/tex/latex
/oberdiek/grfext.sty"
Package: grfext 2016/05/16 v1.2 Manage graphics extensions (HO)

("/Users/jakemantiv/Library/Application Support/MiKTeX/texmfs/install/tex/gener
ic/oberdiek/kvdefinekeys.sty"
Package: kvdefinekeys 2016/05/16 v1.4 Define keys (HO)

("/Users/jakemantiv/Library/Application Support/MiKTeX/texmfs/install/tex/gener
ic/oberdiek/ltxcmds.sty"
Package: ltxcmds 2016/05/16 v1.23 LaTeX kernel commands for general use (HO)
)))
("/Users/jakemantiv/Library/Application Support/MiKTeX/texmfs/install/tex/latex
/oberdiek/kvoptions.sty"
Package: kvoptions 2016/05/16 v3.12 Key value format for package options (HO)

("/Users/jakemantiv/Library/Application Support/MiKTeX/texmfs/install/tex/gener
ic/oberdiek/kvsetkeys.sty"
Package: kvsetkeys 2016/05/16 v1.17 Key value parser (HO)

("/Users/jakemantiv/Library/Application Support/MiKTeX/texmfs/install/tex/gener
ic/oberdiek/etexcmds.sty"
Package: etexcmds 2016/05/16 v1.6 Avoid name clashes with e-TeX commands (HO)

("/Users/jakemantiv/Library/Application Support/MiKTeX/texmfs/install/tex/gener
ic/oberdiek/ifluatex.sty"
Package: ifluatex 2016/05/16 v1.4 Provides the ifluatex switch (HO)
Package ifluatex Info: LuaTeX not detected.
)
Package etexcmds Info: Could not find \expanded.
(etexcmds)             That can mean that you are not using pdfTeX 1.50 or
(etexcmds)             that some package has redefined \expanded.
(etexcmds)             In the latter case, load this package earlier.
)))
("/Users/jakemantiv/Library/Application Support/MiKTeX/texmfs/install/tex/gener
ic/oberdiek/pdftexcmds.sty"
Package: pdftexcmds 2018/01/30 v0.27 Utility functions of pdfTeX for LuaTeX (HO
)
Package pdftexcmds Info: LuaTeX not detected.
Package pdftexcmds Info: \pdf@primitive is available.
Package pdftexcmds Info: \pdf@ifprimitive is available.
Package pdftexcmds Info: \pdfdraftmode found.
)
Package epstopdf-base Info: Redefining graphics rule for `.eps' on input line 4
38.
Package grfext Info: Graphics extension search list:
(grfext)             [.pdf,.png,.jpg,.mps,.jpeg,.jbig2,.jb2,.PDF,.PNG,.JPG,.JPE
G,.JBIG2,.JB2,.eps]
(grfext)             \AppendGraphicsExtensions on input line 456.
)
<./figs/Overview.png, id=1, 661.87276pt x 389.65575pt>
File: ./figs/Overview.png Graphic file (type png)
<use ./figs/Overview.png>
Package pdftex.def Info: ./figs/Overview.png  used on input line 14.
(pdftex.def)             Requested size: 339.72592pt x 200.00606pt.
LaTeX Font Info:    Try loading font information for U+msa on input line 22.

("/Users/jakemantiv/Library/Application Support/MiKTeX/texmfs/install/tex/latex
/amsfonts/umsa.fd"
File: umsa.fd 2013/01/14 v3.01 AMS symbols A
)
LaTeX Font Info:    Try loading font information for U+msb on input line 22.

("/Users/jakemantiv/Library/Application Support/MiKTeX/texmfs/install/tex/latex
/amsfonts/umsb.fd"
File: umsb.fd 2013/01/14 v3.01 AMS symbols B
)
Underfull \hbox (badness 10000) in paragraph at lines 42--43

 []

LaTeX Font Info:    Try loading font information for OMS+cmr on input line 47.

("/Users/jakemantiv/Library/Application Support/MiKTeX/texmfs/install/tex/latex
/base/omscmr.fd"
File: omscmr.fd 2014/09/29 v2.5h Standard LaTeX font definitions
)
LaTeX Font Info:    Font shape `OMS/cmr/m/n' in size <10> not available
(Font)              Font shape `OMS/cmsy/m/n' tried instead on input line 47.

Underfull \hbox (badness 10000) in paragraph at lines 53--54

 []

[1

{/Users/jakemantiv/Library/Application Support/MiKTeX/texmfs/data/pdftex/config
/pdftex.map} <./figs/Overview.png>]
Underfull \hbox (badness 10000) in paragraph at lines 55--56

 []

<./figs/moment_cal.png, id=12, 731.1315pt x 283.65974pt>
File: ./figs/moment_cal.png Graphic file (type png)
<use ./figs/moment_cal.png>
Package pdftex.def Info: ./figs/moment_cal.png  used on input line 59.
(pdftex.def)             Requested size: 339.72592pt x 131.80519pt.
<./figs/forces.png, id=13, 818.45775pt x 245.11575pt>
File: ./figs/forces.png Graphic file (type png)
<use ./figs/forces.png>
Package pdftex.def Info: ./figs/forces.png  used on input line 78.
(pdftex.def)             Requested size: 339.72592pt x 101.74358pt.
[2 <./figs/moment_cal.png>]
Underfull \hbox (badness 10000) in paragraph at lines 98--99

 []


Underfull \hbox (badness 10000) in paragraph at lines 100--101

 []


Underfull \hbox (badness 10000) in paragraph at lines 114--115

 []


Underfull \hbox (badness 10000) in paragraph at lines 121--123

 []


Underfull \hbox (badness 10000) in paragraph at lines 132--133

 []

<./figs/clevis_angle_60.png, id=21, 370.38374pt x 234.27525pt>
File: ./figs/clevis_angle_60.png Graphic file (type png)
<use ./figs/clevis_angle_60.png>
Package pdftex.def Info: ./figs/clevis_angle_60.png  used on input line 136.
(pdftex.def)             Requested size: 339.72592pt x 214.88524pt.
<./figs/clevis_angle_10.png, id=22, 350.5095pt x 340.27126pt>
File: ./figs/clevis_angle_10.png Graphic file (type png)
<use ./figs/clevis_angle_10.png>
Package pdftex.def Info: ./figs/clevis_angle_10.png  used on input line 144.
(pdftex.def)             Requested size: 339.72592pt x 329.8083pt.
<./figs/load_graph.png, id=23, 733.5405pt x 393.8715pt>
File: ./figs/load_graph.png Graphic file (type png)
<use ./figs/load_graph.png>
Package pdftex.def Info: ./figs/load_graph.png  used on input line 150.
(pdftex.def)             Requested size: 339.72592pt x 182.41513pt.
[3 <./figs/forces.png>]
<./figs/clevis_good_10.png, id=30, 378.81525pt x 245.11575pt>
File: ./figs/clevis_good_10.png Graphic file (type png)
<use ./figs/clevis_good_10.png>
Package pdftex.def Info: ./figs/clevis_good_10.png  used on input line 158.
(pdftex.def)             Requested size: 339.72592pt x 219.82043pt.

Underfull \hbox (badness 10000) in paragraph at lines 171--172

 []

[4 <./figs/clevis_angle_60.png>] [5 <./figs/clevis_angle_10.png> <./figs/load_g
raph.png>] [6 <./figs/clevis_good_10.png>] (Lift_system.aux)

LaTeX Warning: There were multiply-defined labels.

 ) 
Here is how much of TeX's memory you used:
 2907 strings out of 494891
 42967 string characters out of 3176685
 108089 words of memory out of 3000000
 6485 multiletter control sequences out of 15000+200000
 6857 words of font info for 27 fonts, out of 3000000 for 9000
 0 hyphenation exceptions out of 8191
 41i,7n,32p,737b,225s stack positions out of 5000i,500n,10000p,200000b,50000s
</Users/jakemantiv/Library/Application Support/MiKTeX/texmfs/install/fonts/ty
pe1/public/amsfonts/cm/cmbx10.pfb></Users/jakemantiv/Library/Application Suppor
t/MiKTeX/texmfs/install/fonts/type1/public/amsfonts/cm/cmbx12.pfb></Users/jakem
antiv/Library/Application Support/MiKTeX/texmfs/install/fonts/type1/public/amsf
onts/cm/cmex10.pfb></Users/jakemantiv/Library/Application Support/MiKTeX/texmfs
/install/fonts/type1/public/amsfonts/cm/cmmi10.pfb></Users/jakemantiv/Library/A
pplication Support/MiKTeX/texmfs/install/fonts/type1/public/amsfonts/cm/cmmi5.p
fb></Users/jakemantiv/Library/Application Support/MiKTeX/texmfs/install/fonts/t
ype1/public/amsfonts/cm/cmmi7.pfb></Users/jakemantiv/Library/Application Suppor
t/MiKTeX/texmfs/install/fonts/type1/public/amsfonts/cm/cmr10.pfb></Users/jakema
ntiv/Library/Application Support/MiKTeX/texmfs/install/fonts/type1/public/amsfo
nts/cm/cmr7.pfb></Users/jakemantiv/Library/Application Support/MiKTeX/texmfs/in
stall/fonts/type1/public/amsfonts/cm/cmsy10.pfb>
Output written on Lift_system.pdf (6 pages, 1206232 bytes).
PDF statistics:
 72 PDF objects out of 1000 (max. 8388607)
 0 named destinations out of 1000 (max. 500000)
 36 words of extra memory for PDF output out of 10000 (max. 10000000)

